running develop
running egg_info
creating warmup_project.egg-info
writing warmup_project.egg-info/PKG-INFO
writing dependency_links to warmup_project.egg-info/dependency_links.txt
writing entry points to warmup_project.egg-info/entry_points.txt
writing requirements to warmup_project.egg-info/requires.txt
writing top-level names to warmup_project.egg-info/top_level.txt
writing manifest file 'warmup_project.egg-info/SOURCES.txt'
reading manifest file 'warmup_project.egg-info/SOURCES.txt'
writing manifest file 'warmup_project.egg-info/SOURCES.txt'
running build_ext
Creating /home/brenna/ros2_ws/src/warmup_project/install/warmup_project/lib/python3.10/site-packages/warmup-project.egg-link (link to .)
Installing circle_node script to /home/brenna/ros2_ws/src/warmup_project/install/warmup_project/lib/warmup_project
Installing teleop script to /home/brenna/ros2_ws/src/warmup_project/install/warmup_project/lib/warmup_project

Installed /home/brenna/ros2_ws/src/warmup_project/build/warmup_project
running symlink_data
creating /home/brenna/ros2_ws/src/warmup_project/install/warmup_project/share/ament_index
creating /home/brenna/ros2_ws/src/warmup_project/install/warmup_project/share/ament_index/resource_index
creating /home/brenna/ros2_ws/src/warmup_project/install/warmup_project/share/ament_index/resource_index/packages
symbolically linking /home/brenna/ros2_ws/src/warmup_project/build/warmup_project/resource/warmup_project -> /home/brenna/ros2_ws/src/warmup_project/install/warmup_project/share/ament_index/resource_index/packages
symbolically linking /home/brenna/ros2_ws/src/warmup_project/build/warmup_project/package.xml -> /home/brenna/ros2_ws/src/warmup_project/install/warmup_project/share/warmup_project
