[0.378s] Invoking command in '/home/brenna/ros2_ws/src/warmup_project/build/warmup_project': PYTHONPATH=/home/brenna/ros2_ws/src/warmup_project/build/warmup_project/prefix_override:/usr/lib/python3/dist-packages/colcon_core/task/python/colcon_distutils_commands:/home/brenna/ros2_ws/src/warmup_project/install/warmup_project/lib/python3.10/site-packages:${PYTHONPATH} /usr/bin/python3 -W ignore:setup.py install is deprecated -W ignore:easy_install command is deprecated setup.py develop --editable --build-directory /home/brenna/ros2_ws/src/warmup_project/build/warmup_project/build --no-deps symlink_data
[0.537s] running develop
[0.631s] running egg_info
[0.631s] creating warmup_project.egg-info
[0.631s] writing warmup_project.egg-info/PKG-INFO
[0.631s] writing dependency_links to warmup_project.egg-info/dependency_links.txt
[0.631s] writing entry points to warmup_project.egg-info/entry_points.txt
[0.632s] writing requirements to warmup_project.egg-info/requires.txt
[0.632s] writing top-level names to warmup_project.egg-info/top_level.txt
[0.632s] writing manifest file 'warmup_project.egg-info/SOURCES.txt'
[0.633s] reading manifest file 'warmup_project.egg-info/SOURCES.txt'
[0.633s] writing manifest file 'warmup_project.egg-info/SOURCES.txt'
[0.634s] running build_ext
[0.634s] Creating /home/brenna/ros2_ws/src/warmup_project/install/warmup_project/lib/python3.10/site-packages/warmup-project.egg-link (link to .)
[0.635s] Installing circle_node script to /home/brenna/ros2_ws/src/warmup_project/install/warmup_project/lib/warmup_project
[0.635s] Installing teleop script to /home/brenna/ros2_ws/src/warmup_project/install/warmup_project/lib/warmup_project
[0.635s] 
[0.635s] Installed /home/brenna/ros2_ws/src/warmup_project/build/warmup_project
[0.635s] running symlink_data
[0.635s] creating /home/brenna/ros2_ws/src/warmup_project/install/warmup_project/share/ament_index
[0.635s] creating /home/brenna/ros2_ws/src/warmup_project/install/warmup_project/share/ament_index/resource_index
[0.635s] creating /home/brenna/ros2_ws/src/warmup_project/install/warmup_project/share/ament_index/resource_index/packages
[0.635s] symbolically linking /home/brenna/ros2_ws/src/warmup_project/build/warmup_project/resource/warmup_project -> /home/brenna/ros2_ws/src/warmup_project/install/warmup_project/share/ament_index/resource_index/packages
[0.635s] symbolically linking /home/brenna/ros2_ws/src/warmup_project/build/warmup_project/package.xml -> /home/brenna/ros2_ws/src/warmup_project/install/warmup_project/share/warmup_project
[0.652s] Invoked command in '/home/brenna/ros2_ws/src/warmup_project/build/warmup_project' returned '0': PYTHONPATH=/home/brenna/ros2_ws/src/warmup_project/build/warmup_project/prefix_override:/usr/lib/python3/dist-packages/colcon_core/task/python/colcon_distutils_commands:/home/brenna/ros2_ws/src/warmup_project/install/warmup_project/lib/python3.10/site-packages:${PYTHONPATH} /usr/bin/python3 -W ignore:setup.py install is deprecated -W ignore:easy_install command is deprecated setup.py develop --editable --build-directory /home/brenna/ros2_ws/src/warmup_project/build/warmup_project/build --no-deps symlink_data
